<?xml version="1.0" encoding="UTF-8"?>
<!-- Generated by org.testng.reporters.JUnitReportReporter -->
<testsuite hostname="Rahuls-MacBook-Pro.local" failures="0" tests="1" name="runner.TestRunner" time="70.706" errors="0" timestamp="2022-06-29T22:36:32 IST" skipped="0">
  <testcase classname="runner.TestRunner" name="runScenario" time="70.706"/>
  <system-out/>
</testsuite> <!-- runner.TestRunner -->
